2026-04-16T23:59:49+00:00 | _ | setup | ok | system_prompt_chars=1887 db=/Users/mattpacione/declarative-build/Dank-EXP-02.declarative.db
2026-04-16T23:59:49+00:00 | 01-login | parse | start | len=57
2026-04-16T23:59:50+00:00 | 01-login | parse | ok | components=3 in_tokens=543 out_tokens=141
2026-04-16T23:59:50+00:00 | 01-login | compose | start | components=3
2026-04-16T23:59:50+00:00 | 01-login | compose | ok | elements=7 script_chars=3432 warnings=6
2026-04-16T23:59:50+00:00 | 01-login | render | start | 
2026-04-16T23:59:51+00:00 | 01-login | render | fail | errors=0 kinds=[]
2026-04-16T23:59:51+00:00 | 02-profile-settings | parse | start | len=89
2026-04-16T23:59:53+00:00 | 02-profile-settings | parse | ok | components=4 in_tokens=548 out_tokens=304
2026-04-16T23:59:53+00:00 | 02-profile-settings | compose | start | components=4
2026-04-16T23:59:53+00:00 | 02-profile-settings | compose | ok | elements=14 script_chars=4977 warnings=13
2026-04-16T23:59:53+00:00 | 02-profile-settings | render | start | 
2026-04-16T23:59:53+00:00 | 02-profile-settings | render | fail | errors=0 kinds=[]
2026-04-16T23:59:53+00:00 | 03-meme-feed | parse | start | len=56
2026-04-16T23:59:56+00:00 | 03-meme-feed | parse | ok | components=6 in_tokens=543 out_tokens=686
2026-04-16T23:59:56+00:00 | 03-meme-feed | compose | start | components=6
2026-04-16T23:59:56+00:00 | 03-meme-feed | compose | ok | elements=27 script_chars=8390 warnings=26
2026-04-16T23:59:56+00:00 | 03-meme-feed | render | start | 
2026-04-16T23:59:56+00:00 | 03-meme-feed | render | fail | errors=0 kinds=[]
2026-04-16T23:59:56+00:00 | 04-dashboard | parse | start | len=69
2026-04-16T23:59:59+00:00 | 04-dashboard | parse | ok | components=4 in_tokens=542 out_tokens=376
2026-04-16T23:59:59+00:00 | 04-dashboard | compose | start | components=4
2026-04-16T23:59:59+00:00 | 04-dashboard | compose | ok | elements=15 script_chars=5166 warnings=14
2026-04-16T23:59:59+00:00 | 04-dashboard | render | start | 
2026-04-17T00:00:00+00:00 | 04-dashboard | render | fail | errors=0 kinds=[]
2026-04-17T00:00:00+00:00 | 05-paywall | parse | start | len=59
2026-04-17T00:00:04+00:00 | 05-paywall | parse | ok | components=6 in_tokens=542 out_tokens=697
2026-04-17T00:00:04+00:00 | 05-paywall | compose | start | components=6
2026-04-17T00:00:04+00:00 | 05-paywall | compose | ok | elements=36 script_chars=12601 warnings=35
2026-04-17T00:00:04+00:00 | 05-paywall | render | start | 
2026-04-17T00:00:04+00:00 | 05-paywall | render | fail | errors=0 kinds=[]
2026-04-17T00:00:04+00:00 | 06-spa-minimal | parse | start | len=50
2026-04-17T00:00:09+00:00 | 06-spa-minimal | parse | ok | components=5 in_tokens=540 out_tokens=482
2026-04-17T00:00:09+00:00 | 06-spa-minimal | compose | start | components=5
2026-04-17T00:00:09+00:00 | 06-spa-minimal | compose | ok | elements=15 script_chars=6110 warnings=14
2026-04-17T00:00:09+00:00 | 06-spa-minimal | render | start | 
2026-04-17T00:00:09+00:00 | 06-spa-minimal | render | fail | errors=0 kinds=[]
2026-04-17T00:00:09+00:00 | 07-search | parse | start | len=15
2026-04-17T00:00:13+00:00 | 07-search | parse | ok | components=5 in_tokens=532 out_tokens=362
2026-04-17T00:00:13+00:00 | 07-search | compose | start | components=5
2026-04-17T00:00:13+00:00 | 07-search | compose | ok | elements=19 script_chars=6159 warnings=18
2026-04-17T00:00:13+00:00 | 07-search | render | start | 
2026-04-17T00:00:13+00:00 | 07-search | render | fail | errors=0 kinds=[]
2026-04-17T00:00:13+00:00 | 08-explicit-structure | parse | start | len=148
2026-04-17T00:00:15+00:00 | 08-explicit-structure | parse | ok | components=3 in_tokens=565 out_tokens=300
2026-04-17T00:00:15+00:00 | 08-explicit-structure | compose | start | components=3
2026-04-17T00:00:15+00:00 | 08-explicit-structure | compose | ok | elements=9 script_chars=4408 warnings=8
2026-04-17T00:00:15+00:00 | 08-explicit-structure | render | start | 
2026-04-17T00:00:15+00:00 | 08-explicit-structure | render | fail | errors=0 kinds=[]
2026-04-17T00:00:15+00:00 | 09-drawer-nav | parse | start | len=30
2026-04-17T00:00:17+00:00 | 09-drawer-nav | parse | ok | components=1 in_tokens=538 out_tokens=174
2026-04-17T00:00:17+00:00 | 09-drawer-nav | compose | start | components=1
2026-04-17T00:00:17+00:00 | 09-drawer-nav | compose | ok | elements=9 script_chars=3068 warnings=8
2026-04-17T00:00:17+00:00 | 09-drawer-nav | render | start | 
2026-04-17T00:00:18+00:00 | 09-drawer-nav | render | fail | errors=0 kinds=[]
2026-04-17T00:00:18+00:00 | 10-onboarding-carousel | parse | start | len=86
2026-04-17T00:00:21+00:00 | 10-onboarding-carousel | parse | ok | components=6 in_tokens=550 out_tokens=451
2026-04-17T00:00:21+00:00 | 10-onboarding-carousel | compose | start | components=6
2026-04-17T00:00:21+00:00 | 10-onboarding-carousel | compose | ok | elements=16 script_chars=7168 warnings=15
2026-04-17T00:00:21+00:00 | 10-onboarding-carousel | render | start | 
2026-04-17T00:00:22+00:00 | 10-onboarding-carousel | render | fail | errors=0 kinds=[]
2026-04-17T00:00:22+00:00 | 11-vague | parse | start | len=14
2026-04-17T00:00:24+00:00 | 11-vague | parse | ok | components=4 in_tokens=531 out_tokens=484
2026-04-17T00:00:24+00:00 | 11-vague | compose | start | components=4
2026-04-17T00:00:24+00:00 | 11-vague | compose | ok | elements=16 script_chars=5994 warnings=15
2026-04-17T00:00:24+00:00 | 11-vague | render | start | 
2026-04-17T00:00:25+00:00 | 11-vague | render | fail | errors=0 kinds=[]
2026-04-17T00:00:25+00:00 | 12-round-trip-test | parse | start | len=44
2026-04-17T00:00:33+00:00 | 12-round-trip-test | parse | ok | components=6 in_tokens=542 out_tokens=881
2026-04-17T00:00:33+00:00 | 12-round-trip-test | compose | start | components=6
2026-04-17T00:00:33+00:00 | 12-round-trip-test | compose | ok | elements=27 script_chars=8808 warnings=26
2026-04-17T00:00:33+00:00 | 12-round-trip-test | render | start | 
2026-04-17T00:00:33+00:00 | 12-round-trip-test | render | fail | errors=0 kinds=[]
2026-04-17T00:00:33+00:00 | _ | done | ok | count=12
2026-04-17T00:02:34+00:00 | 01-login | walk | start | 
2026-04-17T00:02:34+00:00 | 01-login | walk | ok | eids=1 root=5756:662445
2026-04-17T00:02:34+00:00 | 02-profile-settings | walk | start | 
2026-04-17T00:02:34+00:00 | 02-profile-settings | walk | ok | eids=1 root=5756:662447
2026-04-17T00:02:34+00:00 | 03-meme-feed | walk | start | 
2026-04-17T00:02:34+00:00 | 03-meme-feed | walk | ok | eids=27 root=5756:662454
2026-04-17T00:02:34+00:00 | 04-dashboard | walk | start | 
2026-04-17T00:02:34+00:00 | 04-dashboard | walk | ok | eids=1 root=5756:662481
2026-04-17T00:02:34+00:00 | 05-paywall | walk | start | 
2026-04-17T00:02:34+00:00 | 05-paywall | walk | ok | eids=1 root=5756:662487
2026-04-17T00:02:34+00:00 | 06-spa-minimal | walk | start | 
2026-04-17T00:02:34+00:00 | 06-spa-minimal | walk | ok | eids=1 root=5756:662495
2026-04-17T00:02:34+00:00 | 07-search | walk | start | 
2026-04-17T00:02:35+00:00 | 07-search | walk | ok | eids=1 root=5756:662503
2026-04-17T00:02:35+00:00 | 08-explicit-structure | walk | start | 
2026-04-17T00:02:35+00:00 | 08-explicit-structure | walk | ok | eids=1 root=5756:662510
2026-04-17T00:02:35+00:00 | 09-drawer-nav | walk | start | 
2026-04-17T00:02:35+00:00 | 09-drawer-nav | walk | ok | eids=1 root=5756:662515
2026-04-17T00:02:35+00:00 | 10-onboarding-carousel | walk | start | 
2026-04-17T00:02:35+00:00 | 10-onboarding-carousel | walk | ok | eids=1 root=5756:662518
2026-04-17T00:02:35+00:00 | 11-vague | walk | start | 
2026-04-17T00:02:35+00:00 | 11-vague | walk | ok | eids=1 root=5756:662527
2026-04-17T00:02:35+00:00 | 12-round-trip-test | walk | start | 
2026-04-17T00:02:35+00:00 | 12-round-trip-test | walk | ok | eids=1 root=5756:662533
2026-04-17T00:02:35+00:00 | _ | finalize | ok | count=12
